[2015-06-04 12:28:37] Login request made for user : cwelch
[2015-06-04 12:28:37] {"0":"1","id":"1","1":"Cory","firstname":"Cory","2":"Welch","lastname":"Welch","3":"cwelch","username":"cwelch"}

[2015-06-04 12:37:24] Login request made for user : cwelch
[2015-06-04 12:37:24] {
    "0": "1",
    "id": "1",
    "1": "Cory",
    "firstname": "Cory",
    "2": "Welch",
    "lastname": "Welch",
    "3": "cwelch",
    "username": "cwelch"
}
[2015-06-04 14:41:46] Login request made for user : 
[2015-06-04 14:41:46] 0
[2015-06-04 14:41:46] null
[2015-06-04 14:42:35] Login request made for user : asdfasdf
[2015-06-04 14:42:35] 0
[2015-06-04 14:42:35] null
[2015-06-04 14:42:49] Login request made for user : cwelch
[2015-06-04 14:42:49] 1
[2015-06-04 14:42:49] {
    "0": "1",
    "id": "1",
    "1": "Cory",
    "firstname": "Cory",
    "2": "Welch",
    "lastname": "Welch",
    "3": "cwelch",
    "username": "cwelch"
}
[2015-06-04 14:43:16] Login request made for user : cwelch
[2015-06-04 14:43:16] 1
[2015-06-04 14:43:16] {
    "0": "1",
    "id": "1",
    "1": "Cory",
    "firstname": "Cory",
    "2": "Welch",
    "lastname": "Welch",
    "3": "cwelch",
    "username": "cwelch"
}
[2015-06-04 14:44:19] Login request made for user : cwelch
[2015-06-04 14:44:19] {
    "current_field": null,
    "field_count": null,
    "lengths": null,
    "num_rows": null,
    "type": null
}
[2015-06-04 14:44:19] {
    "0": "1",
    "id": "1",
    "1": "Cory",
    "firstname": "Cory",
    "2": "Welch",
    "lastname": "Welch",
    "3": "cwelch",
    "username": "cwelch"
}
[2015-06-04 14:47:45] Login request made for user : cwelch
[2015-06-04 14:47:45] {
    "0": "1",
    "id": "1",
    "1": "Cory",
    "firstname": "Cory",
    "2": "Welch",
    "lastname": "Welch",
    "3": "cwelch",
    "username": "cwelch"
}
[2015-06-08 22:00:37] Login request made for user : cwelch
[2015-06-08 22:00:37] {
    "0": "1",
    "id": "1",
    "1": "Cory",
    "firstname": "Cory",
    "2": "Welch",
    "lastname": "Welch",
    "3": "cwelch",
    "username": "cwelch"
}
[2015-06-08 22:05:28] Login request made for user : cwelch
[2015-06-08 22:05:28] {
    "0": "1",
    "id": "1",
    "1": "Cory",
    "firstname": "Cory",
    "2": "Welch",
    "lastname": "Welch",
    "3": "cwelch",
    "username": "cwelch"
}
[2015-06-08 22:13:29] Login request made for user : cwelch
[2015-06-08 22:13:29] {
    "0": "1",
    "id": "1",
    "1": "Cory",
    "firstname": "Cory",
    "2": "Welch",
    "lastname": "Welch",
    "3": "cwelch",
    "username": "cwelch"
}
[2015-06-08 22:17:40] Login request made for user : qwerqw
[2015-06-08 22:17:40] null
[2015-06-08 22:17:46] Login request made for user : cwelch
[2015-06-08 22:17:46] {
    "0": "1",
    "id": "1",
    "1": "Cory",
    "firstname": "Cory",
    "2": "Welch",
    "lastname": "Welch",
    "3": "cwelch",
    "username": "cwelch"
}
[2015-06-08 22:18:59] Login request made for user : cwelch
[2015-06-08 22:18:59] {
    "0": "1",
    "id": "1",
    "1": "Cory",
    "firstname": "Cory",
    "2": "Welch",
    "lastname": "Welch",
    "3": "cwelch",
    "username": "cwelch"
}
[2015-06-08 22:21:27] Login request made for user : cwelch
[2015-06-08 22:21:27] {
    "0": "1",
    "id": "1",
    "1": "Cory",
    "firstname": "Cory",
    "2": "Welch",
    "lastname": "Welch",
    "3": "cwelch",
    "username": "cwelch"
}
[2015-06-14 22:28:59] Login request made for user : cwelch
[2015-06-14 22:28:59] {
    "0": "1",
    "id": "1",
    "1": "Cory",
    "firstname": "Cory",
    "2": "Welch",
    "lastname": "Welch",
    "3": "cwelch",
    "username": "cwelch"
}
[2015-06-14 22:46:06] Login request made for user : cwelch
[2015-06-14 22:46:06] {
    "0": "1",
    "id": "1",
    "1": "Cory",
    "firstname": "Cory",
    "2": "Welch",
    "lastname": "Welch",
    "3": "cwelch",
    "username": "cwelch"
}
[2015-06-14 22:47:08] Login request made for user : cwelch
[2015-06-14 22:47:08] {
    "0": "1",
    "id": "1",
    "1": "Cory",
    "firstname": "Cory",
    "2": "Welch",
    "lastname": "Welch",
    "3": "cwelch",
    "username": "cwelch"
}
[2015-06-14 22:48:14] Login request made for user : cwelch
[2015-06-14 22:48:14] {
    "0": "1",
    "id": "1",
    "1": "Cory",
    "firstname": "Cory",
    "2": "Welch",
    "lastname": "Welch",
    "3": "cwelch",
    "username": "cwelch"
}
[2015-06-14 22:48:33] Login request made for user : cwelch
[2015-06-14 22:48:33] {
    "0": "1",
    "id": "1",
    "1": "Cory",
    "firstname": "Cory",
    "2": "Welch",
    "lastname": "Welch",
    "3": "cwelch",
    "username": "cwelch"
}
[2015-06-14 22:49:25] Login request made for user : cwelch
[2015-06-14 22:49:25] {
    "0": "1",
    "id": "1",
    "1": "Cory",
    "firstname": "Cory",
    "2": "Welch",
    "lastname": "Welch",
    "3": "cwelch",
    "username": "cwelch"
}
[2015-06-14 22:50:03] Login request made for user : cwelch
[2015-06-14 22:50:03] {
    "0": "1",
    "id": "1",
    "1": "Cory",
    "firstname": "Cory",
    "2": "Welch",
    "lastname": "Welch",
    "3": "cwelch",
    "username": "cwelch"
}
[2015-06-14 22:52:51] Login request made for user : cwelch
[2015-06-14 22:52:51] {
    "0": "1",
    "id": "1",
    "1": "Cory",
    "firstname": "Cory",
    "2": "Welch",
    "lastname": "Welch",
    "3": "cwelch",
    "username": "cwelch"
}
[2015-06-14 22:55:03] Login request made for user : cwelch
[2015-06-14 22:55:03] {
    "0": "1",
    "id": "1",
    "1": "Cory",
    "firstname": "Cory",
    "2": "Welch",
    "lastname": "Welch",
    "3": "cwelch",
    "username": "cwelch"
}
[2015-06-14 22:57:44] Login request made for user : cwelch
[2015-06-14 22:57:44] {
    "0": "1",
    "id": "1",
    "1": "Cory",
    "firstname": "Cory",
    "2": "Welch",
    "lastname": "Welch",
    "3": "cwelch",
    "username": "cwelch"
}
[2015-06-14 22:58:34] Login request made for user : cwelch
[2015-06-14 22:58:34] {
    "0": "1",
    "id": "1",
    "1": "Cory",
    "firstname": "Cory",
    "2": "Welch",
    "lastname": "Welch",
    "3": "cwelch",
    "username": "cwelch"
}
[2015-06-14 22:59:48] Login request made for user : cwelch
[2015-06-14 22:59:48] {
    "0": "1",
    "id": "1",
    "1": "Cory",
    "firstname": "Cory",
    "2": "Welch",
    "lastname": "Welch",
    "3": "cwelch",
    "username": "cwelch"
}
[2015-06-14 23:23:27] Login request made for user : cwelch
[2015-06-14 23:23:27] {
    "0": "1",
    "id": "1",
    "1": "Cory",
    "firstname": "Cory",
    "2": "Welch",
    "lastname": "Welch",
    "3": "cwelch",
    "username": "cwelch"
}
[2015-06-14 23:43:22] Login request made for user : cwelch
[2015-06-14 23:43:22] {
    "0": "1",
    "id": "1",
    "1": "Cory",
    "firstname": "Cory",
    "2": "Welch",
    "lastname": "Welch",
    "3": "cwelch",
    "username": "cwelch"
}
[2015-06-15 09:35:46] Login request made for user : cwelch
[2015-06-15 09:35:46] {
    "0": "1",
    "id": "1",
    "1": "Cory",
    "firstname": "Cory",
    "2": "Welch",
    "lastname": "Welch",
    "3": "cwelch",
    "username": "cwelch"
}
[2015-06-15 22:55:44] Login request made for user : cwelch
[2015-06-15 22:55:44] {
    "id": "1",
    "firstname": "Cory",
    "lastname": "Welch",
    "username": "cwelch"
}
[2015-06-15 23:02:11] Login request made for user : cwelch
[2015-06-15 23:02:11] {
    "id": "1",
    "firstname": "Cory",
    "lastname": "Welch",
    "username": "cwelch"
}
[2015-06-15 23:21:54] Login request made for user : cwelch
[2015-06-15 23:21:54] {
    "id": "1",
    "firstname": "Cory",
    "lastname": "Welch",
    "username": "cwelch"
}
[2015-06-16 21:27:32] Login request made for user : cwelch
[2015-06-16 21:27:32] {
    "id": "1",
    "firstname": "Cory",
    "lastname": "Welch",
    "username": "cwelch"
}
[2015-06-16 21:33:38] Login request made for user : cwelch
[2015-06-16 21:33:38] {
    "id": "1",
    "firstname": "Cory",
    "lastname": "Welch",
    "username": "cwelch"
}
[2015-06-16 21:36:34] Login request made for user : cwelch
[2015-06-16 21:36:34] {
    "id": "1",
    "firstname": "Cory",
    "lastname": "Welch",
    "username": "cwelch"
}
[2015-06-16 22:17:38] Login request made for user : cwelch
[2015-06-16 22:17:38] {
    "id": "1",
    "firstname": "Cory",
    "lastname": "Welch",
    "username": "cwelch"
}
[2015-06-16 22:47:54] Login request made for user : cwelch
[2015-06-16 22:47:54] {
    "id": "1",
    "firstname": "Cory",
    "lastname": "Welch",
    "username": "cwelch"
}
[2015-06-16 23:17:12] Login request made for user : cwelch
[2015-06-16 23:17:12] {
    "id": "1",
    "firstname": "Cory",
    "lastname": "Welch",
    "username": "cwelch"
}
[2015-06-16 23:27:22] Login request made for user : cwelch
[2015-06-16 23:27:22] {
    "id": "1",
    "firstname": "Cory",
    "lastname": "Welch",
    "username": "cwelch"
}
[2015-06-17 00:17:35] Login request made for user : cwelch
[2015-06-17 00:17:35] {
    "id": "1",
    "firstname": "Cory",
    "lastname": "Welch",
    "username": "cwelch"
}
[2015-06-17 06:37:36] Login request made for user : cwelch
[2015-06-17 06:37:36] {
    "id": "1",
    "firstname": "Cory",
    "lastname": "Welch",
    "username": "cwelch"
}
[2015-06-17 11:39:01] Login request made for user : cwelch
[2015-06-17 11:39:01] {
    "id": "1",
    "firstname": "Cory",
    "lastname": "Welch",
    "username": "cwelch"
}
[2015-06-17 11:39:49] Login request made for user : cwelch
[2015-06-17 11:39:49] {
    "id": "1",
    "firstname": "Cory",
    "lastname": "Welch",
    "username": "cwelch"
}
[2015-06-17 15:53:54] Login request made for user : cwelch
[2015-06-17 15:53:54] {
    "id": "1",
    "firstname": "Cory",
    "lastname": "Welch",
    "username": "cwelch"
}
[2015-06-17 17:22:37] Login request made for user : cwelch
[2015-06-17 17:22:37] {
    "id": "1",
    "firstname": "Cory",
    "lastname": "Welch",
    "username": "cwelch"
}
[2015-06-17 17:23:01] Login request made for user : cwelch
[2015-06-17 17:23:01] {
    "id": "1",
    "firstname": "Cory",
    "lastname": "Welch",
    "username": "cwelch"
}
[2015-06-17 18:30:00] Login request made for user : Cwelch
[2015-06-17 18:30:00] {
    "id": "1",
    "firstname": "Cory",
    "lastname": "Welch",
    "username": "cwelch"
}
[2015-06-17 20:06:30] Login request made for user : cwelch
[2015-06-17 20:06:30] {
    "id": "1",
    "firstname": "Cory",
    "lastname": "Welch",
    "username": "cwelch"
}
[2015-06-18 17:15:08] Login request made for user : cwelch
[2015-06-18 17:15:08] {
    "id": "1",
    "firstname": "Cory",
    "lastname": "Welch",
    "username": "cwelch"
}
[2015-06-18 18:14:35] Login request made for user : Cwelch
[2015-06-18 18:14:35] null
[2015-06-18 18:14:41] Login request made for user : Cwelch
[2015-06-18 18:14:41] {
    "id": "1",
    "firstname": "Cory",
    "lastname": "Welch",
    "username": "cwelch"
}
[2015-06-19 15:39:47] Login request made for user : gesteenh
[2015-06-19 15:39:47] null
[2015-06-19 15:39:57] Login request made for user : cory.welch
[2015-06-19 15:39:57] null
[2015-06-19 15:40:05] Login request made for user : cwelch
[2015-06-19 15:40:05] {
    "id": "1",
    "firstname": "Cory",
    "lastname": "Welch",
    "username": "cwelch"
}
[2015-06-22 17:14:52] Login request made for user : cwelch
[2015-06-22 17:14:52] {
    "id": "1",
    "firstname": "Cory",
    "lastname": "Welch",
    "username": "cwelch"
}
[2015-06-22 21:47:39] Login request made for user : cwelch
[2015-06-22 21:47:39] {
    "id": "1",
    "firstname": "Cory",
    "lastname": "Welch",
    "username": "cwelch"
}
[2015-06-23 08:48:18] Login request made for user : cwelch
[2015-06-23 08:48:18] {
    "id": "1",
    "firstname": "Cory",
    "lastname": "Welch",
    "username": "cwelch"
}
[2015-06-23 11:29:20] Login request made for user : cwelch
[2015-06-23 11:29:20] {
    "id": "1",
    "firstname": "Cory",
    "lastname": "Welch",
    "username": "cwelch"
}
[2015-06-23 12:31:14] Login request made for user : cwelch
[2015-06-23 12:31:14] {
    "id": "1",
    "firstname": "Cory",
    "lastname": "Welch",
    "username": "cwelch"
}
[2015-06-23 14:56:05] Login request made for user : cwelch
[2015-06-23 14:56:05] null
[2015-06-23 14:56:10] Login request made for user : cwelch
[2015-06-23 14:56:10] {
    "id": "1",
    "firstname": "Cory",
    "lastname": "Welch",
    "username": "cwelch"
}
[2015-06-23 16:27:56] Login request made for user : cwelch
[2015-06-23 16:27:56] {
    "id": "1",
    "firstname": "Cory",
    "lastname": "Welch",
    "username": "cwelch"
}
[2015-06-23 16:28:18] Login request made for user : cwelch
[2015-06-23 16:28:18] {
    "id": "1",
    "firstname": "Cory",
    "lastname": "Welch",
    "username": "cwelch"
}
[2015-06-23 16:30:52] Login request made for user : cwelch
[2015-06-23 16:30:52] {
    "id": "1",
    "firstname": "Cory",
    "lastname": "Welch",
    "username": "cwelch"
}
[2015-06-23 16:32:13] Login request made for user : cwelch
[2015-06-23 16:32:13] {
    "id": "1",
    "firstname": "Cory",
    "lastname": "Welch",
    "username": "cwelch"
}
[2015-06-23 16:33:02] Login request made for user : cwelch
[2015-06-23 16:33:02] {
    "id": "1",
    "firstname": "Cory",
    "lastname": "Welch",
    "username": "cwelch"
}
[2015-06-23 16:33:21] Login request made for user : cwelch
[2015-06-23 16:33:21] {
    "id": "1",
    "firstname": "Cory",
    "lastname": "Welch",
    "username": "cwelch"
}
[2015-06-23 16:40:35] Login request made for user : cwelch
[2015-06-23 16:40:35] {
    "id": "1",
    "firstname": "Cory",
    "lastname": "Welch",
    "username": "cwelch"
}
[2015-06-23 18:35:35] Login request made for user : Cwelch
[2015-06-23 18:35:35] {
    "id": "1",
    "firstname": "Cory",
    "lastname": "Welch",
    "username": "cwelch"
}
[2015-06-27 11:26:17] Login request made for user : cwelch
[2015-06-27 11:26:17] {
    "id": "1",
    "firstname": "Cory",
    "lastname": "Welch",
    "username": "cwelch"
}
[2015-07-05 20:09:31] Login request made for user : cwelch
[2015-07-05 20:09:31] {
    "id": "1",
    "firstname": "Cory",
    "lastname": "Welch",
    "username": "cwelch"
}
[2015-07-05 23:03:22] Login request made for user : cwelch
[2015-07-05 23:03:22] {
    "id": "1",
    "firstname": "Cory",
    "lastname": "Welch",
    "username": "cwelch"
}
[2015-07-06 18:03:39] Login request made for user : cwelch
[2015-07-06 18:03:39] {
    "id": "1",
    "firstname": "Cory",
    "lastname": "Welch",
    "username": "cwelch"
}
[2015-07-06 18:03:45] Login request made for user : cwelch
[2015-07-06 18:03:45] {
    "id": "1",
    "firstname": "Cory",
    "lastname": "Welch",
    "username": "cwelch"
}